<?xml version="1.0" encoding="UTF-8"?>
<testsuite name="ru.stqa.pft.addressbook.tests.ContactCreationTest" tests="4" skipped="0" failures="3" errors="0" timestamp="2020-01-27T17:12:55" hostname="DESKTOP-B85ICVG" time="178.678">
  <properties/>
  <testcase name="testContactCreation[0](ContactData{firstname='Test 0', lastname='Tester 0', id=2147483647})" classname="ru.stqa.pft.addressbook.tests.ContactCreationTest" time="20.986"/>
  <testcase name="testContactCreation[1](ContactData{firstname='Test 1', lastname='Tester 1', id=2147483647})" classname="ru.stqa.pft.addressbook.tests.ContactCreationTest" time="72.671">
    <failure message="java.lang.AssertionError: &#13;&#10;Expected: &lt;[ContactData{firstname='Test 1', lastname='Tester 1', id=178}, ContactData{firstname='Test 0', lastname='Tester 0', id=127}, ContactData{firstname='Test 1', lastname='Tester 1', id=160}, ContactData{firstname='Test', lastname='Tester', id=142}, ContactData{firstname='Test', lastname='Tester', id=136}, ContactData{firstname='Test 1', lastname='Tester 1', id=150}, ContactData{firstname='Test 2', lastname='Tester 2', id=118}, ContactData{firstname='Test', lastname='Tester', id=132}, ContactData{firstname='Test', lastname='Tester', id=134}, ContactData{firstname='Test 1', lastname='Tester 1', id=154}, ContactData{firstname='Test 2', lastname='Tester 2', id=122}, ContactData{firstname='Test 2', lastname='Tester 2', id=173}, ContactData{firstname='Test 0', lastname='Tester 0', id=174}, ContactData{firstname='Test 1', lastname='Tester 1', id=146}, ContactData{firstname='Test 2', lastname='Tester 2', id=167}, ContactData{firstname='Test 0', lastname='Tester 0', id=168}, ContactData{firstname='Test 2', lastname='Tester 2', id=155}, ContactData{firstname='Test 0', lastname='Tester 0', id=156}, ContactData{firstname='Test 1', lastname='Tester 1', id=128}, ContactData{firstname='Test 2', lastname='Tester 2', id=161}, ContactData{firstname='Test 0', lastname='Tester 0', id=162}, ContactData{firstname='Test 2', lastname='Tester 2', id=147}, ContactData{firstname='Test 2', lastname='Tester 2', id=151}, ContactData{firstname='Test', lastname='Tester', id=163}, ContactData{firstname='Test 1', lastname='Tester 1', id=175}, ContactData{firstname='Test 0', lastname='Tester 0', id=124}, ContactData{firstname='Test 1', lastname='Tester 1', id=157}, ContactData{firstname='Test', lastname='Tester', id=139}, ContactData{firstname='Test 2', lastname='Tester 2', id=129}, ContactData{firstname='Test 0', lastname='Tester 0', id=130}, ContactData{firstname='Test', lastname='Tester', id=135}, ContactData{firstname='Test 0', lastname='Tester 0', id=116}, ContactData{firstname='Test 0', lastname='Tester 0', id=120}, ContactData{firstname='Test 0', lastname='Tester 0', id=171}, ContactData{firstname='Test 1', lastname='Tester 1', id=143}, ContactData{firstname='Test 2', lastname='Tester 2', id=176}, ContactData{firstname='Test 0', lastname='Tester 0', id=177}, ContactData{firstname='Test', lastname='Tester', id=152}, ContactData{firstname='Test 2', lastname='Tester 2', id=164}, ContactData{firstname='Test 0', lastname='Tester 0', id=165}, ContactData{firstname='Test', lastname='Tester', id=148}, ContactData{firstname='Test 1', lastname='Tester 1', id=137}, ContactData{firstname='Test 2', lastname='Tester 2', id=170}, ContactData{firstname='Test 1', lastname='Tester 1', id=125}, ContactData{firstname='Test 2', lastname='Tester 2', id=158}, ContactData{firstname='Test 0', lastname='Tester 0', id=159}, ContactData{firstname='Test', lastname='Tester', id=172}, ContactData{firstname='Test 0', lastname='Tester 0', id=149}, ContactData{firstname='Test 1', lastname='Tester 1', id=117}, ContactData{firstname='Test 0', lastname='Tester 0', id=153}, ContactData{firstname='Test 1', lastname='Tester 1', id=121}]&gt;&#13;&#10;     but: was &lt;[ContactData{firstname='Test 0', lastname='Tester 0', id=127}, ContactData{firstname='Test 1', lastname='Tester 1', id=160}, ContactData{firstname='Test', lastname='Tester', id=142}, ContactData{firstname='Test', lastname='Tester', id=136}, ContactData{firstname='Test 1', lastname='Tester 1', id=150}, ContactData{firstname='Test 2', lastname='Tester 2', id=118}, ContactData{firstname='Test', lastname='Tester', id=132}, ContactData{firstname='Test', lastname='Tester', id=134}, ContactData{firstname='Test 1', lastname='Tester 1', id=154}, ContactData{firstname='Test 2', lastname='Tester 2', id=122}, ContactData{firstname='Test 2', lastname='Tester 2', id=173}, ContactData{firstname='Test 0', lastname='Tester 0', id=174}, ContactData{firstname='Test 1', lastname='Tester 1', id=146}, ContactData{firstname='Test 2', lastname='Tester 2', id=167}, ContactData{firstname='Test 0', lastname='Tester 0', id=168}, ContactData{firstname='', lastname='', id=178}, ContactData{firstname='Test 2', lastname='Tester 2', id=155}, ContactData{firstname='Test 0', lastname='Tester 0', id=156}, ContactData{firstname='Test 1', lastname='Tester 1', id=128}, ContactData{firstname='Test 2', lastname='Tester 2', id=161}, ContactData{firstname='Test 0', lastname='Tester 0', id=162}, ContactData{firstname='Test 2', lastname='Tester 2', id=147}, ContactData{firstname='Test 2', lastname='Tester 2', id=151}, ContactData{firstname='Test', lastname='Tester', id=163}, ContactData{firstname='Test 1', lastname='Tester 1', id=175}, ContactData{firstname='Test 0', lastname='Tester 0', id=124}, ContactData{firstname='Test 1', lastname='Tester 1', id=157}, ContactData{firstname='Test', lastname='Tester', id=139}, ContactData{firstname='Test 2', lastname='Tester 2', id=129}, ContactData{firstname='Test 0', lastname='Tester 0', id=130}, ContactData{firstname='Test', lastname='Tester', id=135}, ContactData{firstname='Test 0', lastname='Tester 0', id=116}, ContactData{firstname='Test 0', lastname='Tester 0', id=120}, ContactData{firstname='Test 0', lastname='Tester 0', id=171}, ContactData{firstname='Test 1', lastname='Tester 1', id=143}, ContactData{firstname='Test 2', lastname='Tester 2', id=176}, ContactData{firstname='Test 0', lastname='Tester 0', id=177}, ContactData{firstname='Test', lastname='Tester', id=152}, ContactData{firstname='Test 2', lastname='Tester 2', id=164}, ContactData{firstname='Test 0', lastname='Tester 0', id=165}, ContactData{firstname='Test', lastname='Tester', id=148}, ContactData{firstname='Test 1', lastname='Tester 1', id=137}, ContactData{firstname='Test 2', lastname='Tester 2', id=170}, ContactData{firstname='Test 1', lastname='Tester 1', id=125}, ContactData{firstname='Test 2', lastname='Tester 2', id=158}, ContactData{firstname='Test 0', lastname='Tester 0', id=159}, ContactData{firstname='Test', lastname='Tester', id=172}, ContactData{firstname='Test 0', lastname='Tester 0', id=149}, ContactData{firstname='Test 1', lastname='Tester 1', id=117}, ContactData{firstname='Test 0', lastname='Tester 0', id=153}, ContactData{firstname='Test 1', lastname='Tester 1', id=121}]&gt;" type="java.lang.AssertionError">java.lang.AssertionError: 
Expected: &lt;[ContactData{firstname='Test 1', lastname='Tester 1', id=178}, ContactData{firstname='Test 0', lastname='Tester 0', id=127}, ContactData{firstname='Test 1', lastname='Tester 1', id=160}, ContactData{firstname='Test', lastname='Tester', id=142}, ContactData{firstname='Test', lastname='Tester', id=136}, ContactData{firstname='Test 1', lastname='Tester 1', id=150}, ContactData{firstname='Test 2', lastname='Tester 2', id=118}, ContactData{firstname='Test', lastname='Tester', id=132}, ContactData{firstname='Test', lastname='Tester', id=134}, ContactData{firstname='Test 1', lastname='Tester 1', id=154}, ContactData{firstname='Test 2', lastname='Tester 2', id=122}, ContactData{firstname='Test 2', lastname='Tester 2', id=173}, ContactData{firstname='Test 0', lastname='Tester 0', id=174}, ContactData{firstname='Test 1', lastname='Tester 1', id=146}, ContactData{firstname='Test 2', lastname='Tester 2', id=167}, ContactData{firstname='Test 0', lastname='Tester 0', id=168}, ContactData{firstname='Test 2', lastname='Tester 2', id=155}, ContactData{firstname='Test 0', lastname='Tester 0', id=156}, ContactData{firstname='Test 1', lastname='Tester 1', id=128}, ContactData{firstname='Test 2', lastname='Tester 2', id=161}, ContactData{firstname='Test 0', lastname='Tester 0', id=162}, ContactData{firstname='Test 2', lastname='Tester 2', id=147}, ContactData{firstname='Test 2', lastname='Tester 2', id=151}, ContactData{firstname='Test', lastname='Tester', id=163}, ContactData{firstname='Test 1', lastname='Tester 1', id=175}, ContactData{firstname='Test 0', lastname='Tester 0', id=124}, ContactData{firstname='Test 1', lastname='Tester 1', id=157}, ContactData{firstname='Test', lastname='Tester', id=139}, ContactData{firstname='Test 2', lastname='Tester 2', id=129}, ContactData{firstname='Test 0', lastname='Tester 0', id=130}, ContactData{firstname='Test', lastname='Tester', id=135}, ContactData{firstname='Test 0', lastname='Tester 0', id=116}, ContactData{firstname='Test 0', lastname='Tester 0', id=120}, ContactData{firstname='Test 0', lastname='Tester 0', id=171}, ContactData{firstname='Test 1', lastname='Tester 1', id=143}, ContactData{firstname='Test 2', lastname='Tester 2', id=176}, ContactData{firstname='Test 0', lastname='Tester 0', id=177}, ContactData{firstname='Test', lastname='Tester', id=152}, ContactData{firstname='Test 2', lastname='Tester 2', id=164}, ContactData{firstname='Test 0', lastname='Tester 0', id=165}, ContactData{firstname='Test', lastname='Tester', id=148}, ContactData{firstname='Test 1', lastname='Tester 1', id=137}, ContactData{firstname='Test 2', lastname='Tester 2', id=170}, ContactData{firstname='Test 1', lastname='Tester 1', id=125}, ContactData{firstname='Test 2', lastname='Tester 2', id=158}, ContactData{firstname='Test 0', lastname='Tester 0', id=159}, ContactData{firstname='Test', lastname='Tester', id=172}, ContactData{firstname='Test 0', lastname='Tester 0', id=149}, ContactData{firstname='Test 1', lastname='Tester 1', id=117}, ContactData{firstname='Test 0', lastname='Tester 0', id=153}, ContactData{firstname='Test 1', lastname='Tester 1', id=121}]&gt;
     but: was &lt;[ContactData{firstname='Test 0', lastname='Tester 0', id=127}, ContactData{firstname='Test 1', lastname='Tester 1', id=160}, ContactData{firstname='Test', lastname='Tester', id=142}, ContactData{firstname='Test', lastname='Tester', id=136}, ContactData{firstname='Test 1', lastname='Tester 1', id=150}, ContactData{firstname='Test 2', lastname='Tester 2', id=118}, ContactData{firstname='Test', lastname='Tester', id=132}, ContactData{firstname='Test', lastname='Tester', id=134}, ContactData{firstname='Test 1', lastname='Tester 1', id=154}, ContactData{firstname='Test 2', lastname='Tester 2', id=122}, ContactData{firstname='Test 2', lastname='Tester 2', id=173}, ContactData{firstname='Test 0', lastname='Tester 0', id=174}, ContactData{firstname='Test 1', lastname='Tester 1', id=146}, ContactData{firstname='Test 2', lastname='Tester 2', id=167}, ContactData{firstname='Test 0', lastname='Tester 0', id=168}, ContactData{firstname='', lastname='', id=178}, ContactData{firstname='Test 2', lastname='Tester 2', id=155}, ContactData{firstname='Test 0', lastname='Tester 0', id=156}, ContactData{firstname='Test 1', lastname='Tester 1', id=128}, ContactData{firstname='Test 2', lastname='Tester 2', id=161}, ContactData{firstname='Test 0', lastname='Tester 0', id=162}, ContactData{firstname='Test 2', lastname='Tester 2', id=147}, ContactData{firstname='Test 2', lastname='Tester 2', id=151}, ContactData{firstname='Test', lastname='Tester', id=163}, ContactData{firstname='Test 1', lastname='Tester 1', id=175}, ContactData{firstname='Test 0', lastname='Tester 0', id=124}, ContactData{firstname='Test 1', lastname='Tester 1', id=157}, ContactData{firstname='Test', lastname='Tester', id=139}, ContactData{firstname='Test 2', lastname='Tester 2', id=129}, ContactData{firstname='Test 0', lastname='Tester 0', id=130}, ContactData{firstname='Test', lastname='Tester', id=135}, ContactData{firstname='Test 0', lastname='Tester 0', id=116}, ContactData{firstname='Test 0', lastname='Tester 0', id=120}, ContactData{firstname='Test 0', lastname='Tester 0', id=171}, ContactData{firstname='Test 1', lastname='Tester 1', id=143}, ContactData{firstname='Test 2', lastname='Tester 2', id=176}, ContactData{firstname='Test 0', lastname='Tester 0', id=177}, ContactData{firstname='Test', lastname='Tester', id=152}, ContactData{firstname='Test 2', lastname='Tester 2', id=164}, ContactData{firstname='Test 0', lastname='Tester 0', id=165}, ContactData{firstname='Test', lastname='Tester', id=148}, ContactData{firstname='Test 1', lastname='Tester 1', id=137}, ContactData{firstname='Test 2', lastname='Tester 2', id=170}, ContactData{firstname='Test 1', lastname='Tester 1', id=125}, ContactData{firstname='Test 2', lastname='Tester 2', id=158}, ContactData{firstname='Test 0', lastname='Tester 0', id=159}, ContactData{firstname='Test', lastname='Tester', id=172}, ContactData{firstname='Test 0', lastname='Tester 0', id=149}, ContactData{firstname='Test 1', lastname='Tester 1', id=117}, ContactData{firstname='Test 0', lastname='Tester 0', id=153}, ContactData{firstname='Test 1', lastname='Tester 1', id=121}]&gt;
	at org.hamcrest.MatcherAssert.assertThat(MatcherAssert.java:20)
	at org.hamcrest.MatcherAssert.assertThat(MatcherAssert.java:6)
	at ru.stqa.pft.addressbook.tests.ContactCreationTest.testContactCreation(ContactCreationTest.java:79)
	at sun.reflect.NativeMethodAccessorImpl.invoke0(Native Method)
	at sun.reflect.NativeMethodAccessorImpl.invoke(NativeMethodAccessorImpl.java:62)
	at sun.reflect.DelegatingMethodAccessorImpl.invoke(DelegatingMethodAccessorImpl.java:43)
	at java.lang.reflect.Method.invoke(Method.java:498)
	at org.testng.internal.MethodInvocationHelper.invokeMethod(MethodInvocationHelper.java:134)
	at org.testng.internal.TestInvoker.invokeMethod(TestInvoker.java:597)
	at org.testng.internal.TestInvoker.invokeTestMethod(TestInvoker.java:173)
	at org.testng.internal.MethodRunner.runInSequence(MethodRunner.java:46)
	at org.testng.internal.TestInvoker$MethodInvocationAgent.invoke(TestInvoker.java:816)
	at org.testng.internal.TestInvoker.invokeTestMethods(TestInvoker.java:146)
	at org.testng.internal.TestMethodWorker.invokeTestMethods(TestMethodWorker.java:146)
	at org.testng.internal.TestMethodWorker.run(TestMethodWorker.java:128)
	at java.util.ArrayList.forEach(ArrayList.java:1257)
	at org.testng.TestRunner.privateRun(TestRunner.java:766)
	at org.testng.TestRunner.run(TestRunner.java:587)
	at org.testng.SuiteRunner.runTest(SuiteRunner.java:384)
	at org.testng.SuiteRunner.runSequentially(SuiteRunner.java:378)
	at org.testng.SuiteRunner.privateRun(SuiteRunner.java:337)
	at org.testng.SuiteRunner.run(SuiteRunner.java:286)
	at org.testng.SuiteRunnerWorker.runSuite(SuiteRunnerWorker.java:53)
	at org.testng.SuiteRunnerWorker.run(SuiteRunnerWorker.java:96)
	at org.testng.TestNG.runSuitesSequentially(TestNG.java:1187)
	at org.testng.TestNG.runSuitesLocally(TestNG.java:1109)
	at org.testng.TestNG.runSuites(TestNG.java:1039)
	at org.testng.TestNG.run(TestNG.java:1007)
	at org.gradle.api.internal.tasks.testing.testng.TestNGTestClassProcessor.runTests(TestNGTestClassProcessor.java:141)
	at org.gradle.api.internal.tasks.testing.testng.TestNGTestClassProcessor.stop(TestNGTestClassProcessor.java:90)
	at org.gradle.api.internal.tasks.testing.SuiteTestClassProcessor.stop(SuiteTestClassProcessor.java:61)
	at sun.reflect.NativeMethodAccessorImpl.invoke0(Native Method)
	at sun.reflect.NativeMethodAccessorImpl.invoke(NativeMethodAccessorImpl.java:62)
	at sun.reflect.DelegatingMethodAccessorImpl.invoke(DelegatingMethodAccessorImpl.java:43)
	at java.lang.reflect.Method.invoke(Method.java:498)
	at org.gradle.internal.dispatch.ReflectionDispatch.dispatch(ReflectionDispatch.java:36)
	at org.gradle.internal.dispatch.ReflectionDispatch.dispatch(ReflectionDispatch.java:24)
	at org.gradle.internal.dispatch.ContextClassLoaderDispatch.dispatch(ContextClassLoaderDispatch.java:33)
	at org.gradle.internal.dispatch.ProxyDispatchAdapter$DispatchingInvocationHandler.invoke(ProxyDispatchAdapter.java:94)
	at com.sun.proxy.$Proxy2.stop(Unknown Source)
	at org.gradle.api.internal.tasks.testing.worker.TestWorker.stop(TestWorker.java:132)
	at sun.reflect.NativeMethodAccessorImpl.invoke0(Native Method)
	at sun.reflect.NativeMethodAccessorImpl.invoke(NativeMethodAccessorImpl.java:62)
	at sun.reflect.DelegatingMethodAccessorImpl.invoke(DelegatingMethodAccessorImpl.java:43)
	at java.lang.reflect.Method.invoke(Method.java:498)
	at org.gradle.internal.dispatch.ReflectionDispatch.dispatch(ReflectionDispatch.java:36)
	at org.gradle.internal.dispatch.ReflectionDispatch.dispatch(ReflectionDispatch.java:24)
	at org.gradle.internal.remote.internal.hub.MessageHubBackedObjectConnection$DispatchWrapper.dispatch(MessageHubBackedObjectConnection.java:182)
	at org.gradle.internal.remote.internal.hub.MessageHubBackedObjectConnection$DispatchWrapper.dispatch(MessageHubBackedObjectConnection.java:164)
	at org.gradle.internal.remote.internal.hub.MessageHub$Handler.run(MessageHub.java:412)
	at org.gradle.internal.concurrent.ExecutorPolicy$CatchAndRecordFailures.onExecute(ExecutorPolicy.java:64)
	at org.gradle.internal.concurrent.ManagedExecutorImpl$1.run(ManagedExecutorImpl.java:48)
	at java.util.concurrent.ThreadPoolExecutor.runWorker(ThreadPoolExecutor.java:1149)
	at java.util.concurrent.ThreadPoolExecutor$Worker.run(ThreadPoolExecutor.java:624)
	at org.gradle.internal.concurrent.ThreadFactoryImpl$ManagedThreadRunnable.run(ThreadFactoryImpl.java:56)
	at java.lang.Thread.run(Thread.java:748)
</failure>
  </testcase>
  <testcase name="testContactCreation[2](ContactData{firstname='Test 2', lastname='Tester 2', id=2147483647})" classname="ru.stqa.pft.addressbook.tests.ContactCreationTest" time="84.939">
    <failure message="org.openqa.selenium.NoSuchElementException: Cannot locate an element using link text=home page&#10;For documentation on this error, please visit: https://www.seleniumhq.org/exceptions/no_such_element.html&#10;Build info: version: '4.0.0-alpha-3', revision: '8c567de6dc'&#10;System info: host: 'DESKTOP-B85ICVG', ip: '192.168.1.65', os.name: 'Windows 10', os.arch: 'amd64', os.version: '10.0', java.version: '1.8.0_231'&#10;Driver info: driver.version: RemoteWebDriver" type="org.openqa.selenium.NoSuchElementException">org.openqa.selenium.NoSuchElementException: Cannot locate an element using link text=home page
For documentation on this error, please visit: https://www.seleniumhq.org/exceptions/no_such_element.html
Build info: version: '4.0.0-alpha-3', revision: '8c567de6dc'
System info: host: 'DESKTOP-B85ICVG', ip: '192.168.1.65', os.name: 'Windows 10', os.arch: 'amd64', os.version: '10.0', java.version: '1.8.0_231'
Driver info: driver.version: RemoteWebDriver
	at org.openqa.selenium.remote.RemoteWebDriver.findElement(RemoteWebDriver.java:330)
	at org.openqa.selenium.remote.RemoteWebDriver.findElementByLinkText(RemoteWebDriver.java:385)
	at org.openqa.selenium.By$ByLinkText.findElement(By.java:235)
	at org.openqa.selenium.remote.RemoteWebDriver.findElement(RemoteWebDriver.java:319)
	at ru.stqa.pft.addressbook.appmanager.HelperBase.click(HelperBase.java:18)
	at ru.stqa.pft.addressbook.appmanager.ContactHelper.returnToContactPage(ContactHelper.java:73)
	at ru.stqa.pft.addressbook.appmanager.ContactHelper.create(ContactHelper.java:85)
	at ru.stqa.pft.addressbook.tests.ContactCreationTest.testContactCreation(ContactCreationTest.java:76)
	at sun.reflect.NativeMethodAccessorImpl.invoke0(Native Method)
	at sun.reflect.NativeMethodAccessorImpl.invoke(NativeMethodAccessorImpl.java:62)
	at sun.reflect.DelegatingMethodAccessorImpl.invoke(DelegatingMethodAccessorImpl.java:43)
	at java.lang.reflect.Method.invoke(Method.java:498)
	at org.testng.internal.MethodInvocationHelper.invokeMethod(MethodInvocationHelper.java:134)
	at org.testng.internal.TestInvoker.invokeMethod(TestInvoker.java:597)
	at org.testng.internal.TestInvoker.invokeTestMethod(TestInvoker.java:173)
	at org.testng.internal.MethodRunner.runInSequence(MethodRunner.java:46)
	at org.testng.internal.TestInvoker$MethodInvocationAgent.invoke(TestInvoker.java:816)
	at org.testng.internal.TestInvoker.invokeTestMethods(TestInvoker.java:146)
	at org.testng.internal.TestMethodWorker.invokeTestMethods(TestMethodWorker.java:146)
	at org.testng.internal.TestMethodWorker.run(TestMethodWorker.java:128)
	at java.util.ArrayList.forEach(ArrayList.java:1257)
	at org.testng.TestRunner.privateRun(TestRunner.java:766)
	at org.testng.TestRunner.run(TestRunner.java:587)
	at org.testng.SuiteRunner.runTest(SuiteRunner.java:384)
	at org.testng.SuiteRunner.runSequentially(SuiteRunner.java:378)
	at org.testng.SuiteRunner.privateRun(SuiteRunner.java:337)
	at org.testng.SuiteRunner.run(SuiteRunner.java:286)
	at org.testng.SuiteRunnerWorker.runSuite(SuiteRunnerWorker.java:53)
	at org.testng.SuiteRunnerWorker.run(SuiteRunnerWorker.java:96)
	at org.testng.TestNG.runSuitesSequentially(TestNG.java:1187)
	at org.testng.TestNG.runSuitesLocally(TestNG.java:1109)
	at org.testng.TestNG.runSuites(TestNG.java:1039)
	at org.testng.TestNG.run(TestNG.java:1007)
	at org.gradle.api.internal.tasks.testing.testng.TestNGTestClassProcessor.runTests(TestNGTestClassProcessor.java:141)
	at org.gradle.api.internal.tasks.testing.testng.TestNGTestClassProcessor.stop(TestNGTestClassProcessor.java:90)
	at org.gradle.api.internal.tasks.testing.SuiteTestClassProcessor.stop(SuiteTestClassProcessor.java:61)
	at sun.reflect.NativeMethodAccessorImpl.invoke0(Native Method)
	at sun.reflect.NativeMethodAccessorImpl.invoke(NativeMethodAccessorImpl.java:62)
	at sun.reflect.DelegatingMethodAccessorImpl.invoke(DelegatingMethodAccessorImpl.java:43)
	at java.lang.reflect.Method.invoke(Method.java:498)
	at org.gradle.internal.dispatch.ReflectionDispatch.dispatch(ReflectionDispatch.java:36)
	at org.gradle.internal.dispatch.ReflectionDispatch.dispatch(ReflectionDispatch.java:24)
	at org.gradle.internal.dispatch.ContextClassLoaderDispatch.dispatch(ContextClassLoaderDispatch.java:33)
	at org.gradle.internal.dispatch.ProxyDispatchAdapter$DispatchingInvocationHandler.invoke(ProxyDispatchAdapter.java:94)
	at com.sun.proxy.$Proxy2.stop(Unknown Source)
	at org.gradle.api.internal.tasks.testing.worker.TestWorker.stop(TestWorker.java:132)
	at sun.reflect.NativeMethodAccessorImpl.invoke0(Native Method)
	at sun.reflect.NativeMethodAccessorImpl.invoke(NativeMethodAccessorImpl.java:62)
	at sun.reflect.DelegatingMethodAccessorImpl.invoke(DelegatingMethodAccessorImpl.java:43)
	at java.lang.reflect.Method.invoke(Method.java:498)
	at org.gradle.internal.dispatch.ReflectionDispatch.dispatch(ReflectionDispatch.java:36)
	at org.gradle.internal.dispatch.ReflectionDispatch.dispatch(ReflectionDispatch.java:24)
	at org.gradle.internal.remote.internal.hub.MessageHubBackedObjectConnection$DispatchWrapper.dispatch(MessageHubBackedObjectConnection.java:182)
	at org.gradle.internal.remote.internal.hub.MessageHubBackedObjectConnection$DispatchWrapper.dispatch(MessageHubBackedObjectConnection.java:164)
	at org.gradle.internal.remote.internal.hub.MessageHub$Handler.run(MessageHub.java:412)
	at org.gradle.internal.concurrent.ExecutorPolicy$CatchAndRecordFailures.onExecute(ExecutorPolicy.java:64)
	at org.gradle.internal.concurrent.ManagedExecutorImpl$1.run(ManagedExecutorImpl.java:48)
	at java.util.concurrent.ThreadPoolExecutor.runWorker(ThreadPoolExecutor.java:1149)
	at java.util.concurrent.ThreadPoolExecutor$Worker.run(ThreadPoolExecutor.java:624)
	at org.gradle.internal.concurrent.ThreadFactoryImpl$ManagedThreadRunnable.run(ThreadFactoryImpl.java:56)
	at java.lang.Thread.run(Thread.java:748)
</failure>
  </testcase>
  <testcase name="tearDown" classname="ru.stqa.pft.addressbook.tests.ContactCreationTest" time="0.029">
    <failure message="org.openqa.selenium.NoSuchWindowException: no such window: target window already closed&#10;from unknown error: web view not found&#10;  (Session info: chrome=79.0.3945.130)&#10;Build info: version: '4.0.0-alpha-3', revision: '8c567de6dc'&#10;System info: host: 'DESKTOP-B85ICVG', ip: '192.168.1.65', os.name: 'Windows 10', os.arch: 'amd64', os.version: '10.0', java.version: '1.8.0_231'&#10;Driver info: org.openqa.selenium.chrome.ChromeDriver&#10;Capabilities {acceptInsecureCerts: false, browserName: chrome, browserVersion: 79.0.3945.130, chrome: {chromedriverVersion: 79.0.3945.36 (3582db32b3389..., userDataDir: C:\Users\sirli\AppData\Loca...}, goog:chromeOptions: {debuggerAddress: localhost:56691}, javascriptEnabled: true, networkConnectionEnabled: false, pageLoadStrategy: normal, platform: WINDOWS, platformName: WINDOWS, proxy: Proxy(), setWindowRect: true, strictFileInteractability: false, timeouts: {implicit: 0, pageLoad: 300000, script: 30000}, unhandledPromptBehavior: dismiss and notify}&#10;Session ID: ee3339b6bd01672e999b6ea2913955ef&#10;*** Element info: {Using=link text, value=Logout}" type="org.openqa.selenium.NoSuchWindowException">org.openqa.selenium.NoSuchWindowException: no such window: target window already closed
from unknown error: web view not found
  (Session info: chrome=79.0.3945.130)
Build info: version: '4.0.0-alpha-3', revision: '8c567de6dc'
System info: host: 'DESKTOP-B85ICVG', ip: '192.168.1.65', os.name: 'Windows 10', os.arch: 'amd64', os.version: '10.0', java.version: '1.8.0_231'
Driver info: org.openqa.selenium.chrome.ChromeDriver
Capabilities {acceptInsecureCerts: false, browserName: chrome, browserVersion: 79.0.3945.130, chrome: {chromedriverVersion: 79.0.3945.36 (3582db32b3389..., userDataDir: C:\Users\sirli\AppData\Loca...}, goog:chromeOptions: {debuggerAddress: localhost:56691}, javascriptEnabled: true, networkConnectionEnabled: false, pageLoadStrategy: normal, platform: WINDOWS, platformName: WINDOWS, proxy: Proxy(), setWindowRect: true, strictFileInteractability: false, timeouts: {implicit: 0, pageLoad: 300000, script: 30000}, unhandledPromptBehavior: dismiss and notify}
Session ID: ee3339b6bd01672e999b6ea2913955ef
*** Element info: {Using=link text, value=Logout}
	at sun.reflect.NativeConstructorAccessorImpl.newInstance0(Native Method)
	at sun.reflect.NativeConstructorAccessorImpl.newInstance(NativeConstructorAccessorImpl.java:62)
	at sun.reflect.DelegatingConstructorAccessorImpl.newInstance(DelegatingConstructorAccessorImpl.java:45)
	at java.lang.reflect.Constructor.newInstance(Constructor.java:423)
	at org.openqa.selenium.remote.codec.w3c.W3CHttpResponseCodec.createException(W3CHttpResponseCodec.java:191)
	at org.openqa.selenium.remote.codec.w3c.W3CHttpResponseCodec.decode(W3CHttpResponseCodec.java:125)
	at org.openqa.selenium.remote.codec.w3c.W3CHttpResponseCodec.decode(W3CHttpResponseCodec.java:52)
	at org.openqa.selenium.remote.HttpCommandExecutor.execute(HttpCommandExecutor.java:161)
	at org.openqa.selenium.remote.service.DriverCommandExecutor.execute(DriverCommandExecutor.java:83)
	at org.openqa.selenium.remote.RemoteWebDriver.execute(RemoteWebDriver.java:576)
	at org.openqa.selenium.remote.RemoteWebDriver.findElement(RemoteWebDriver.java:327)
	at org.openqa.selenium.remote.RemoteWebDriver.findElementByLinkText(RemoteWebDriver.java:385)
	at org.openqa.selenium.By$ByLinkText.findElement(By.java:235)
	at org.openqa.selenium.remote.RemoteWebDriver.findElement(RemoteWebDriver.java:319)
	at ru.stqa.pft.addressbook.appmanager.HelperBase.click(HelperBase.java:18)
	at ru.stqa.pft.addressbook.appmanager.SessionHelper.logout(SessionHelper.java:19)
	at ru.stqa.pft.addressbook.appmanager.ApplicationManager.stop(ApplicationManager.java:55)
	at ru.stqa.pft.addressbook.tests.TestBase.tearDown(TestBase.java:30)
	at sun.reflect.NativeMethodAccessorImpl.invoke0(Native Method)
	at sun.reflect.NativeMethodAccessorImpl.invoke(NativeMethodAccessorImpl.java:62)
	at sun.reflect.DelegatingMethodAccessorImpl.invoke(DelegatingMethodAccessorImpl.java:43)
	at java.lang.reflect.Method.invoke(Method.java:498)
	at org.testng.internal.MethodInvocationHelper.invokeMethod(MethodInvocationHelper.java:134)
	at org.testng.internal.MethodInvocationHelper.invokeMethodConsideringTimeout(MethodInvocationHelper.java:63)
	at org.testng.internal.ConfigInvoker.invokeConfigurationMethod(ConfigInvoker.java:348)
	at org.testng.internal.ConfigInvoker.invokeConfigurations(ConfigInvoker.java:302)
	at org.testng.SuiteRunner.privateRun(SuiteRunner.java:351)
	at org.testng.SuiteRunner.run(SuiteRunner.java:286)
	at org.testng.SuiteRunnerWorker.runSuite(SuiteRunnerWorker.java:53)
	at org.testng.SuiteRunnerWorker.run(SuiteRunnerWorker.java:96)
	at org.testng.TestNG.runSuitesSequentially(TestNG.java:1187)
	at org.testng.TestNG.runSuitesLocally(TestNG.java:1109)
	at org.testng.TestNG.runSuites(TestNG.java:1039)
	at org.testng.TestNG.run(TestNG.java:1007)
	at org.gradle.api.internal.tasks.testing.testng.TestNGTestClassProcessor.runTests(TestNGTestClassProcessor.java:141)
	at org.gradle.api.internal.tasks.testing.testng.TestNGTestClassProcessor.stop(TestNGTestClassProcessor.java:90)
	at org.gradle.api.internal.tasks.testing.SuiteTestClassProcessor.stop(SuiteTestClassProcessor.java:61)
	at sun.reflect.NativeMethodAccessorImpl.invoke0(Native Method)
	at sun.reflect.NativeMethodAccessorImpl.invoke(NativeMethodAccessorImpl.java:62)
	at sun.reflect.DelegatingMethodAccessorImpl.invoke(DelegatingMethodAccessorImpl.java:43)
	at java.lang.reflect.Method.invoke(Method.java:498)
	at org.gradle.internal.dispatch.ReflectionDispatch.dispatch(ReflectionDispatch.java:36)
	at org.gradle.internal.dispatch.ReflectionDispatch.dispatch(ReflectionDispatch.java:24)
	at org.gradle.internal.dispatch.ContextClassLoaderDispatch.dispatch(ContextClassLoaderDispatch.java:33)
	at org.gradle.internal.dispatch.ProxyDispatchAdapter$DispatchingInvocationHandler.invoke(ProxyDispatchAdapter.java:94)
	at com.sun.proxy.$Proxy2.stop(Unknown Source)
	at org.gradle.api.internal.tasks.testing.worker.TestWorker.stop(TestWorker.java:132)
	at sun.reflect.NativeMethodAccessorImpl.invoke0(Native Method)
	at sun.reflect.NativeMethodAccessorImpl.invoke(NativeMethodAccessorImpl.java:62)
	at sun.reflect.DelegatingMethodAccessorImpl.invoke(DelegatingMethodAccessorImpl.java:43)
	at java.lang.reflect.Method.invoke(Method.java:498)
	at org.gradle.internal.dispatch.ReflectionDispatch.dispatch(ReflectionDispatch.java:36)
	at org.gradle.internal.dispatch.ReflectionDispatch.dispatch(ReflectionDispatch.java:24)
	at org.gradle.internal.remote.internal.hub.MessageHubBackedObjectConnection$DispatchWrapper.dispatch(MessageHubBackedObjectConnection.java:182)
	at org.gradle.internal.remote.internal.hub.MessageHubBackedObjectConnection$DispatchWrapper.dispatch(MessageHubBackedObjectConnection.java:164)
	at org.gradle.internal.remote.internal.hub.MessageHub$Handler.run(MessageHub.java:412)
	at org.gradle.internal.concurrent.ExecutorPolicy$CatchAndRecordFailures.onExecute(ExecutorPolicy.java:64)
	at org.gradle.internal.concurrent.ManagedExecutorImpl$1.run(ManagedExecutorImpl.java:48)
	at java.util.concurrent.ThreadPoolExecutor.runWorker(ThreadPoolExecutor.java:1149)
	at java.util.concurrent.ThreadPoolExecutor$Worker.run(ThreadPoolExecutor.java:624)
	at org.gradle.internal.concurrent.ThreadFactoryImpl$ManagedThreadRunnable.run(ThreadFactoryImpl.java:56)
	at java.lang.Thread.run(Thread.java:748)
</failure>
  </testcase>
  <system-out><![CDATA[]]></system-out>
  <system-err><![CDATA[]]></system-err>
</testsuite>
